android/build/outputs/logs/manifest-merger-debug-report.txt
-- Merging decision tree log ---
manifest
ADDED from FlappyBird\android\AndroidManifest.xml:2:1-26:12
	package
		ADDED from FlappyBird\android\AndroidManifest.xml:3:11-37
		INJECTED from FlappyBird\android\AndroidManifest.xml
		INJECTED from FlappyBird\android\AndroidManifest.xml
	android:versionName
		INJECTED from FlappyBird\android\AndroidManifest.xml
		INJECTED from FlappyBird\android\AndroidManifest.xml
	xmlns:android
		ADDED from FlappyBird\android\AndroidManifest.xml:2:11-69
	android:versionCode
		INJECTED from FlappyBird\android\AndroidManifest.xml
		INJECTED from FlappyBird\android\AndroidManifest.xml
uses-sdk
ADDED from FlappyBird\android\AndroidManifest.xml:5:5-7:40
	android:targetSdkVersion
		ADDED from FlappyBird\android\AndroidManifest.xml:7:9-38
		INJECTED from FlappyBird\android\AndroidManifest.xml
		INJECTED from FlappyBird\android\AndroidManifest.xml
	android:minSdkVersion
		ADDED from FlappyBird\android\AndroidManifest.xml:6:9-34
		INJECTED from FlappyBird\android\AndroidManifest.xml
		INJECTED from FlappyBird\android\AndroidManifest.xml
application
ADDED from FlappyBird\android\AndroidManifest.xml:9:5-24:19
	android:label
		ADDED from FlappyBird\android\AndroidManifest.xml:12:9-41
	android:allowBackup
		ADDED from FlappyBird\android\AndroidManifest.xml:10:9-35
	android:icon
		ADDED from FlappyBird\android\AndroidManifest.xml:11:9-45
	android:theme
		ADDED from FlappyBird\android\AndroidManifest.xml:13:9-40
activity#com.cool.shreyan.AndroidLauncher
ADDED from FlappyBird\android\AndroidManifest.xml:14:9-23:20
	android:screenOrientation
		ADDED from FlappyBird\android\AndroidManifest.xml:17:13-49
	android:label
		ADDED from FlappyBird\android\AndroidManifest.xml:16:13-45
	android:configChanges
		ADDED from FlappyBird\android\AndroidManifest.xml:18:13-83
	android:name
		ADDED from FlappyBird\android\AndroidManifest.xml:15:13-60
intent-filter#android.intent.action.MAIN+android.intent.category.LAUNCHER
ADDED from FlappyBird\android\AndroidManifest.xml:19:13-22:29
action#android.intent.action.MAIN
ADDED from FlappyBird\android\AndroidManifest.xml:20:17-68
	android:name
		ADDED from FlappyBird\android\AndroidManifest.xml:20:25-66
category#android.intent.category.LAUNCHER
ADDED from FlappyBird\android\AndroidManifest.xml:21:17-76
	android:name
		ADDED from FlappyBird\android\AndroidManifest.xml:21:27-74